# Nmap 7.94SVN scan initiated Wed Jun 26 13:14:17 2024 as: nmap -Pn --disable-arp-ping -p22,139,445 -sC -sV -o nmap.out 10.129.202.221
Nmap scan report for 10.129.202.221 (10.129.202.221)
Host is up (0.24s latency).

PORT    STATE SERVICE     VERSION
22/tcp  open  ssh         OpenSSH 8.2p1 Ubuntu 4ubuntu0.4 (Ubuntu Linux; protocol 2.0)
| ssh-hostkey: 
|   3072 3f:4c:8f:10:f1:ae:be:cd:31:24:7c:a1:4e:ab:84:6d (RSA)
|   256 7b:30:37:67:50:b9:ad:91:c0:8f:f7:02:78:3b:7c:02 (ECDSA)
|_  256 88:9e:0e:07:fe:ca:d0:5c:60:ab:cf:10:99:cd:6c:a7 (ED25519)
139/tcp open  netbios-ssn Samba smbd 4.6.2
445/tcp open  netbios-ssn Samba smbd 4.6.2
Service Info: OS: Linux; CPE: cpe:/o:linux:linux_kernel

Host script results:
|_nbstat: NetBIOS name: SKILLS-MEDIUM, NetBIOS user: <unknown>, NetBIOS MAC: <unknown> (unknown)
| smb2-time: 
|   date: 2024-06-26T11:14:32
|_  start_date: N/A
| smb2-security-mode: 
|   3:1:1: 
|_    Message signing enabled but not required

Service detection performed. Please report any incorrect results at https://nmap.org/submit/ .
# Nmap done at Wed Jun 26 13:14:39 2024 -- 1 IP address (1 host up) scanned in 22.17 seconds
