# Nmap 7.94SVN scan initiated Wed Jun 26 21:15:52 2024 as: nmap -Pn --disable-arp-ping -p111,135,445,2049,3389 -sC -sV -o nmap.out 10.129.202.222
Nmap scan report for 10.129.202.222 (10.129.202.222)
Host is up (0.53s latency).

PORT     STATE SERVICE       VERSION
111/tcp  open  rpcbind       2-4 (RPC #100000)
| rpcinfo: 
|   program version    port/proto  service
|   100000  2,3,4        111/tcp   rpcbind
|   100000  2,3,4        111/tcp6  rpcbind
|   100000  2,3,4        111/udp   rpcbind
|   100000  2,3,4        111/udp6  rpcbind
|   100003  2,3         2049/udp   nfs
|   100003  2,3         2049/udp6  nfs
|   100003  2,3,4       2049/tcp   nfs
|   100003  2,3,4       2049/tcp6  nfs
|   100005  1,2,3       2049/tcp   mountd
|   100005  1,2,3       2049/tcp6  mountd
|   100005  1,2,3       2049/udp   mountd
|   100005  1,2,3       2049/udp6  mountd
|   100021  1,2,3,4     2049/tcp   nlockmgr
|   100021  1,2,3,4     2049/tcp6  nlockmgr
|   100021  1,2,3,4     2049/udp   nlockmgr
|   100021  1,2,3,4     2049/udp6  nlockmgr
|   100024  1           2049/tcp   status
|   100024  1           2049/tcp6  status
|   100024  1           2049/udp   status
|_  100024  1           2049/udp6  status
135/tcp  open  msrpc         Microsoft Windows RPC
445/tcp  open  microsoft-ds?
2049/tcp open  nlockmgr      1-4 (RPC #100021)
3389/tcp open  ms-wbt-server Microsoft Terminal Services
| ssl-cert: Subject: commonName=WINSRV
| Not valid before: 2024-06-25T19:12:54
|_Not valid after:  2024-12-25T19:12:54
|_ssl-date: 2024-06-26T19:17:14+00:00; -1s from scanner time.
| rdp-ntlm-info: 
|   Target_Name: WINSRV
|   NetBIOS_Domain_Name: WINSRV
|   NetBIOS_Computer_Name: WINSRV
|   DNS_Domain_Name: WINSRV
|   DNS_Computer_Name: WINSRV
|   Product_Version: 10.0.17763
|_  System_Time: 2024-06-26T19:17:01+00:00
Service Info: OS: Windows; CPE: cpe:/o:microsoft:windows

Host script results:
| smb2-security-mode: 
|   3:1:1: 
|_    Message signing enabled but not required
| smb2-time: 
|   date: 2024-06-26T19:17:05
|_  start_date: N/A

Service detection performed. Please report any incorrect results at https://nmap.org/submit/ .
# Nmap done at Wed Jun 26 21:22:23 2024 -- 1 IP address (1 host up) scanned in 391.60 seconds
