# Nmap 7.94SVN scan initiated Wed Jun 26 21:36:35 2024 as: nmap --script nfs* -sV -p111,2049 -o nmap_nfs.out 10.129.202.222 10.129.202.222
Nmap scan report for 10.129.202.222 (10.129.202.222)
Host is up (0.18s latency).

PORT     STATE SERVICE  VERSION
111/tcp  open  rpcbind  2-4 (RPC #100000)
| rpcinfo: 
|   program version    port/proto  service
|   100000  2,3,4        111/tcp   rpcbind
|   100000  2,3,4        111/tcp6  rpcbind
|   100000  2,3,4        111/udp   rpcbind
|   100000  2,3,4        111/udp6  rpcbind
|   100003  2,3         2049/udp   nfs
|   100003  2,3         2049/udp6  nfs
|   100003  2,3,4       2049/tcp   nfs
|   100003  2,3,4       2049/tcp6  nfs
|   100005  1,2,3       2049/tcp   mountd
|   100005  1,2,3       2049/tcp6  mountd
|   100005  1,2,3       2049/udp   mountd
|   100005  1,2,3       2049/udp6  mountd
|   100021  1,2,3,4     2049/tcp   nlockmgr
|   100021  1,2,3,4     2049/tcp6  nlockmgr
|   100021  1,2,3,4     2049/udp   nlockmgr
|   100021  1,2,3,4     2049/udp6  nlockmgr
|   100024  1           2049/tcp   status
|   100024  1           2049/tcp6  status
|   100024  1           2049/udp   status
|_  100024  1           2049/udp6  status
|_nfs-showmount: No NFS mounts available
2049/tcp open  nlockmgr 1-4 (RPC #100021)

Nmap scan report for 10.129.202.222 (10.129.202.222)
Host is up (0.28s latency).

PORT     STATE SERVICE  VERSION
111/tcp  open  rpcbind  2-4 (RPC #100000)
|_nfs-showmount: No NFS mounts available
| rpcinfo: 
|   program version    port/proto  service
|   100000  2,3,4        111/tcp   rpcbind
|   100000  2,3,4        111/tcp6  rpcbind
|   100000  2,3,4        111/udp   rpcbind
|   100000  2,3,4        111/udp6  rpcbind
|   100003  2,3         2049/udp   nfs
|   100003  2,3         2049/udp6  nfs
|   100003  2,3,4       2049/tcp   nfs
|   100003  2,3,4       2049/tcp6  nfs
|   100005  1,2,3       2049/tcp   mountd
|   100005  1,2,3       2049/tcp6  mountd
|   100005  1,2,3       2049/udp   mountd
|   100005  1,2,3       2049/udp6  mountd
|   100021  1,2,3,4     2049/tcp   nlockmgr
|   100021  1,2,3,4     2049/tcp6  nlockmgr
|   100021  1,2,3,4     2049/udp   nlockmgr
|   100021  1,2,3,4     2049/udp6  nlockmgr
|   100024  1           2049/tcp   status
|   100024  1           2049/tcp6  status
|   100024  1           2049/udp   status
|_  100024  1           2049/udp6  status
2049/tcp open  nlockmgr 1-4 (RPC #100021)

Service detection performed. Please report any incorrect results at https://nmap.org/submit/ .
# Nmap done at Wed Jun 26 21:39:28 2024 -- 2 IP addresses (2 hosts up) scanned in 172.94 seconds
